<?xml version="1.0" encoding="UTF-8"?>
<!-- Generated by org.testng.reporters.JUnitReportReporter -->
<testsuite skipped="0" hostname="CAP-LAP-665" name="vagrant.weatherTestVagrant.AppTest" tests="1" failures="0" timestamp="2021-05-02T21:01:50 IST" time="0.009" errors="0">
  <testcase name="shouldAnswerWithTrue" time="0.009" classname="vagrant.weatherTestVagrant.AppTest"/>
  <system-out/>
</testsuite> <!-- vagrant.weatherTestVagrant.AppTest -->
